\BOOKMARK [1][-]{table.caption.2}{Table\040of\040Contents}{}% 1
\BOOKMARK [1][-]{section*.3}{List\040of\040Figures}{}% 2
\BOOKMARK [1][-]{section*.4}{List\040of\040Tables}{}% 3
\BOOKMARK [1][-]{section.1}{Introduction}{}% 4
\BOOKMARK [2][-]{subsection.1.1}{Purpose}{section.1}% 5
\BOOKMARK [2][-]{subsection.1.2}{Scope}{section.1}% 6
\BOOKMARK [1][-]{section.2}{Overall\040Description}{}% 7
\BOOKMARK [2][-]{subsection.2.1}{Product\040perspective}{section.2}% 8
\BOOKMARK [2][-]{subsection.2.2}{Product\040functions}{section.2}% 9
\BOOKMARK [3][-]{subsubsection.2.2.1}{Notify\040Traffic\040Violations}{subsection.2.2}% 10
\BOOKMARK [3][-]{subsubsection.2.2.2}{License\040Plate\040Recognition}{subsection.2.2}% 11
\BOOKMARK [3][-]{subsubsection.2.2.3}{Data\040Collection}{subsection.2.2}% 12
\BOOKMARK [3][-]{subsubsection.2.2.4}{Data\040Visualization}{subsection.2.2}% 13
\BOOKMARK [3][-]{subsubsection.2.2.5}{Data\040Sets\040Analysis}{subsection.2.2}% 14
\BOOKMARK [3][-]{subsubsection.2.2.6}{Suggest\040Possible\040Interventions}{subsection.2.2}% 15
\BOOKMARK [3][-]{subsubsection.2.2.7}{Information\040Integrity}{subsection.2.2}% 16
\BOOKMARK [3][-]{subsubsection.2.2.8}{Generating\040Traffic\040Tickets}{subsection.2.2}% 17
\BOOKMARK [2][-]{subsection.2.3}{User\040characteristics}{section.2}% 18
\BOOKMARK [1][-]{section.3}{Specific\040Requirements}{}% 19
\BOOKMARK [1][-]{section.4}{Formal\040Analysis\040Using\040Alloy}{}% 20
\BOOKMARK [1][-]{section.5}{Effort\040Spent}{}% 21
\BOOKMARK [1][-]{section.5}{References}{}% 22
